<?xml version="1.0" encoding="UTF-8"?>
<testng-results ignored="0" total="1" passed="1" failed="0" skipped="0">
  <reporter-output>
  </reporter-output>
  <suite started-at="2024-04-15T13:14:54 IST" name="Suite" finished-at="2024-04-15T13:15:14 IST" duration-ms="19481">
    <groups>
    </groups>
    <test started-at="2024-04-15T13:14:54 IST" name="Test" finished-at="2024-04-15T13:15:14 IST" duration-ms="19481">
      <class name="Day6.ExtemRep">
        <test-method is-config="true" signature="setUp()[pri:0, instance:Day6.ExtemRep@26d9b808]" started-at="2024-04-15T13:14:55 IST" name="setUp" finished-at="2024-04-15T13:15:02 IST" duration-ms="6821" status="PASS">
          <reporter-output>
          </reporter-output>
        </test-method> <!-- setUp -->
        <test-method signature="test()[pri:0, instance:Day6.ExtemRep@26d9b808]" started-at="2024-04-15T13:15:02 IST" name="test" finished-at="2024-04-15T13:15:14 IST" duration-ms="11953" status="PASS">
          <reporter-output>
          </reporter-output>
        </test-method> <!-- test -->
        <test-method is-config="true" signature="tearDown()[pri:0, instance:Day6.ExtemRep@26d9b808]" started-at="2024-04-15T13:15:14 IST" name="tearDown" finished-at="2024-04-15T13:15:14 IST" duration-ms="1" status="PASS">
          <reporter-output>
          </reporter-output>
        </test-method> <!-- tearDown -->
      </class> <!-- Day6.ExtemRep -->
    </test> <!-- Test -->
  </suite> <!-- Suite -->
</testng-results>
